OutProject/OutProject/android/app/build/intermediates/manifest_merge_blame_file/debug/manifest-merger-blame-debug-report.txt
1<?xml version="1.0" encoding="utf-8"?>
2<manifest xmlns:android="http://schemas.android.com/apk/res/android"
3    package="com.outproject"
4    android:versionCode="1"
5    android:versionName="1.0" >
6
7    <uses-sdk
8        android:minSdkVersion="23"
8-->src/main/AndroidManifest.xml
9        android:targetSdkVersion="28" />
9-->src/main/AndroidManifest.xml
10
11    <uses-permission android:name="android.permission.INTERNET" />
11-->src/main/AndroidManifest.xml:4:5-67
11-->src/main/AndroidManifest.xml:4:22-64
12    <uses-permission android:name="android.permission.SYSTEM_ALERT_WINDOW" />
12-->src/main/AndroidManifest.xml:5:5-77
12-->src/main/AndroidManifest.xml:5:22-75
13
14    <!-- OPTIONAL PERMISSIONS, REMOVE WHATEVER YOU DO NOT NEED -->
15    <uses-permission android:name="android.permission.READ_INTERNAL_STORAGE" />
15-->src/main/AndroidManifest.xml:8:5-80
15-->src/main/AndroidManifest.xml:8:22-77
16    <uses-permission android:name="android.permission.READ_PHONE_STATE" />
16-->src/main/AndroidManifest.xml:9:5-75
16-->src/main/AndroidManifest.xml:9:22-72
17    <uses-permission android:name="android.permission.VIBRATE" />
17-->src/main/AndroidManifest.xml:10:5-66
17-->src/main/AndroidManifest.xml:10:22-63
18    <uses-permission android:name="android.permission.MODIFY_AUDIO_SETTINGS" />
18-->src/main/AndroidManifest.xml:11:5-80
18-->src/main/AndroidManifest.xml:11:22-77
19
20    <!-- These require runtime permissions on M -->
21    <uses-permission android:name="android.permission.RECORD_AUDIO" />
21-->src/main/AndroidManifest.xml:14:5-71
21-->src/main/AndroidManifest.xml:14:22-68
22    <uses-permission android:name="android.permission.WRITE_EXTERNAL_STORAGE" />
22-->src/main/AndroidManifest.xml:15:5-81
22-->src/main/AndroidManifest.xml:15:22-78
23    <uses-permission android:name="android.permission.WAKE_LOCK" />
23-->[:react-native-firebase] AndroidManifest.xml:12:5-68
23-->[:react-native-firebase] AndroidManifest.xml:12:22-65
24    <uses-permission android:name="android.permission.ACCESS_NETWORK_STATE" />
24-->[:react-native-firebase] AndroidManifest.xml:13:5-79
24-->[:react-native-firebase] AndroidManifest.xml:13:22-76
25    <uses-permission android:name="android.permission.ACCESS_COARSE_LOCATION" />
25-->[:react-native-geolocation-service] AndroidManifest.xml:11:5-81
25-->[:react-native-geolocation-service] AndroidManifest.xml:11:22-78
26    <uses-permission android:name="android.permission.ACCESS_FINE_LOCATION" /> <!-- Required by older versions of Google Play services to create IID tokens -->
26-->[:react-native-geolocation-service] AndroidManifest.xml:12:5-79
26-->[:react-native-geolocation-service] AndroidManifest.xml:12:22-76
27    <uses-permission android:name="com.google.android.c2dm.permission.RECEIVE" />
27-->[com.google.android.gms:play-services-iid:17.0.0] AndroidManifest.xml:23:5-82
27-->[com.google.android.gms:play-services-iid:17.0.0] AndroidManifest.xml:23:22-79
28    <uses-permission android:name="android.permission.FOREGROUND_SERVICE" />
28-->[:expo-location] AndroidManifest.xml:13:5-77
28-->[:expo-location] AndroidManifest.xml:13:22-74
29    <uses-permission android:name="android.permission.READ_EXTERNAL_STORAGE" />
29-->[:expo-file-system] AndroidManifest.xml:14:5-80
29-->[:expo-file-system] AndroidManifest.xml:14:22-77
30    <uses-permission android:name="android.permission.STORAGE" />
30-->[:expo-file-system] AndroidManifest.xml:15:5-66
30-->[:expo-file-system] AndroidManifest.xml:15:22-63
31    <uses-permission android:name="com.google.android.finsky.permission.BIND_GET_INSTALL_REFERRER_SERVICE" />
31-->[com.android.installreferrer:installreferrer:1.1.1] AndroidManifest.xml:5:5-110
31-->[com.android.installreferrer:installreferrer:1.1.1] AndroidManifest.xml:5:22-107
32    <uses-permission android:name="com.google.android.providers.gsf.permission.READ_GSERVICES" />
32-->[io.nlopez.smartlocation:library:3.2.11] AndroidManifest.xml:15:5-98
32-->[io.nlopez.smartlocation:library:3.2.11] AndroidManifest.xml:15:22-95
33    <uses-permission android:name="com.google.android.gms.permission.ACTIVITY_RECOGNITION" /> <!-- END OPTIONAL PERMISSIONS -->
33-->[io.nlopez.smartlocation:library:3.2.11] AndroidManifest.xml:16:5-94
33-->[io.nlopez.smartlocation:library:3.2.11] AndroidManifest.xml:16:22-91
34    <application
34-->src/main/AndroidManifest.xml:18:5-36:19
35        android:name="com.outproject.MainApplication"
35-->src/main/AndroidManifest.xml:19:7-38
36        android:allowBackup="false"
36-->src/main/AndroidManifest.xml:23:7-34
37        android:appComponentFactory="androidx.core.app.CoreComponentFactory"
37-->[androidx.core:core:1.1.0] AndroidManifest.xml:24:18-86
38        android:debuggable="true"
39        android:icon="@mipmap/ic_launcher"
39-->src/main/AndroidManifest.xml:21:7-41
40        android:label="@string/app_name"
40-->src/main/AndroidManifest.xml:20:7-39
41        android:roundIcon="@mipmap/ic_launcher_round"
41-->src/main/AndroidManifest.xml:22:7-52
42        android:testOnly="true"
43        android:theme="@style/AppTheme" >
43-->src/main/AndroidManifest.xml:24:7-38
44        <activity
44-->src/main/AndroidManifest.xml:25:7-34:18
45            android:name="com.outproject.MainActivity"
45-->src/main/AndroidManifest.xml:26:9-37
46            android:configChanges="keyboard|keyboardHidden|orientation|screenSize"
46-->src/main/AndroidManifest.xml:28:9-79
47            android:label="@string/app_name"
47-->src/main/AndroidManifest.xml:27:9-41
48            android:windowSoftInputMode="adjustResize" >
48-->src/main/AndroidManifest.xml:29:9-51
49            <intent-filter>
49-->src/main/AndroidManifest.xml:30:9-33:25
50                <action android:name="android.intent.action.MAIN" />
50-->src/main/AndroidManifest.xml:31:13-65
50-->src/main/AndroidManifest.xml:31:21-62
51
52                <category android:name="android.intent.category.LAUNCHER" />
52-->src/main/AndroidManifest.xml:32:13-73
52-->src/main/AndroidManifest.xml:32:23-70
53            </intent-filter>
54        </activity>
55        <activity android:name="com.facebook.react.devsupport.DevSettingsActivity" />
55-->src/main/AndroidManifest.xml:35:7-84
55-->src/main/AndroidManifest.xml:35:17-81
56
57        <service
57-->[:react-native-firebase] AndroidManifest.xml:16:9-20:19
58            android:name="com.google.firebase.components.ComponentDiscoveryService"
58-->[:react-native-firebase] AndroidManifest.xml:16:18-89
59            android:directBootAware="true"
59-->[com.google.firebase:firebase-common:19.3.0] AndroidManifest.xml:34:13-43
60            android:exported="false" >
60-->[com.google.firebase:firebase-database:19.2.1] AndroidManifest.xml:31:13-37
61            <meta-data
61-->[:react-native-firebase] AndroidManifest.xml:17:13-19:85
62                android:name="com.google.firebase.components:io.invertase.firebase.ReactNativeFirebaseAppRegistrar"
62-->[:react-native-firebase] AndroidManifest.xml:18:17-116
63                android:value="com.google.firebase.components.ComponentRegistrar" />
63-->[:react-native-firebase] AndroidManifest.xml:19:17-82
64            <meta-data
64-->[com.google.firebase:firebase-database:19.2.1] AndroidManifest.xml:32:13-34:85
65                android:name="com.google.firebase.components:com.google.firebase.database.DatabaseRegistrar"
65-->[com.google.firebase:firebase-database:19.2.1] AndroidManifest.xml:33:17-109
66                android:value="com.google.firebase.components.ComponentRegistrar" />
66-->[com.google.firebase:firebase-database:19.2.1] AndroidManifest.xml:34:17-82
67            <meta-data
67-->[com.google.android.gms:play-services-measurement-api:17.2.2] AndroidManifest.xml:30:13-32:85
68                android:name="com.google.firebase.components:com.google.firebase.analytics.connector.internal.AnalyticsConnectorRegistrar"
68-->[com.google.android.gms:play-services-measurement-api:17.2.2] AndroidManifest.xml:31:17-139
69                android:value="com.google.firebase.components.ComponentRegistrar" />
69-->[com.google.android.gms:play-services-measurement-api:17.2.2] AndroidManifest.xml:32:17-82
70            <meta-data
70-->[com.google.firebase:firebase-iid:20.0.2] AndroidManifest.xml:32:13-34:85
71                android:name="com.google.firebase.components:com.google.firebase.iid.Registrar"
71-->[com.google.firebase:firebase-iid:20.0.2] AndroidManifest.xml:33:17-96
72                android:value="com.google.firebase.components.ComponentRegistrar" />
72-->[com.google.firebase:firebase-iid:20.0.2] AndroidManifest.xml:34:17-82
73        </service>
74
75        <receiver
75-->[:react-native-device-info] AndroidManifest.xml:12:9-19:20
76            android:name="com.learnium.RNDeviceInfo.RNDeviceReceiver"
76-->[:react-native-device-info] AndroidManifest.xml:13:13-70
77            android:enabled="true"
77-->[:react-native-device-info] AndroidManifest.xml:14:13-35
78            android:exported="true" >
78-->[:react-native-device-info] AndroidManifest.xml:15:13-36
79            <intent-filter>
79-->[:react-native-device-info] AndroidManifest.xml:16:13-18:29
80                <action android:name="com.android.vending.INSTALL_REFERRER" />
80-->[:react-native-device-info] AndroidManifest.xml:17:17-79
80-->[:react-native-device-info] AndroidManifest.xml:17:25-76
81            </intent-filter>
82        </receiver>
83
84        <service
84-->[:expo-location] AndroidManifest.xml:16:9-18:40
85            android:name="expo.modules.location.services.LocationTaskService"
85-->[:expo-location] AndroidManifest.xml:17:13-78
86            android:exported="false" />
86-->[:expo-location] AndroidManifest.xml:18:13-37
87
88        <receiver
88-->[com.google.firebase:firebase-iid:20.0.2] AndroidManifest.xml:37:9-44:20
89            android:name="com.google.firebase.iid.FirebaseInstanceIdReceiver"
89-->[com.google.firebase:firebase-iid:20.0.2] AndroidManifest.xml:38:13-78
90            android:exported="true"
90-->[com.google.firebase:firebase-iid:20.0.2] AndroidManifest.xml:39:13-36
91            android:permission="com.google.android.c2dm.permission.SEND" >
91-->[com.google.firebase:firebase-iid:20.0.2] AndroidManifest.xml:40:13-73
92            <intent-filter>
92-->[com.google.firebase:firebase-iid:20.0.2] AndroidManifest.xml:41:13-43:29
93                <action android:name="com.google.android.c2dm.intent.RECEIVE" />
93-->[com.google.firebase:firebase-iid:20.0.2] AndroidManifest.xml:42:17-81
93-->[com.google.firebase:firebase-iid:20.0.2] AndroidManifest.xml:42:25-78
94            </intent-filter>
95        </receiver>
96
97        <activity
97-->[com.google.android.gms:play-services-base:17.1.0] AndroidManifest.xml:23:9-26:75
98            android:name="com.google.android.gms.common.api.GoogleApiActivity"
98-->[com.google.android.gms:play-services-base:17.1.0] AndroidManifest.xml:24:13-79
99            android:exported="false"
99-->[com.google.android.gms:play-services-base:17.1.0] AndroidManifest.xml:25:13-37
100            android:theme="@android:style/Theme.Translucent.NoTitleBar" />
100-->[com.google.android.gms:play-services-base:17.1.0] AndroidManifest.xml:26:13-72
101
102        <provider
102-->[:expo-file-system] AndroidManifest.xml:18:9-27:20
103            android:name="expo.modules.filesystem.FileSystemFileProvider"
103-->[:expo-file-system] AndroidManifest.xml:19:13-74
104            android:authorities="com.outproject.FileSystemFileProvider"
104-->[:expo-file-system] AndroidManifest.xml:20:13-74
105            android:exported="false"
105-->[:expo-file-system] AndroidManifest.xml:21:13-37
106            android:grantUriPermissions="true" >
106-->[:expo-file-system] AndroidManifest.xml:22:13-47
107            <meta-data
107-->[:expo-file-system] AndroidManifest.xml:24:13-26:70
108                android:name="android.support.FILE_PROVIDER_PATHS"
108-->[:expo-file-system] AndroidManifest.xml:25:17-67
109                android:resource="@xml/file_system_provider_paths" />
109-->[:expo-file-system] AndroidManifest.xml:26:17-67
110        </provider>
111        <provider
111-->[com.google.firebase:firebase-common:19.3.0] AndroidManifest.xml:26:9-30:39
112            android:name="com.google.firebase.provider.FirebaseInitProvider"
112-->[com.google.firebase:firebase-common:19.3.0] AndroidManifest.xml:27:13-77
113            android:authorities="com.outproject.firebaseinitprovider"
113-->[com.google.firebase:firebase-common:19.3.0] AndroidManifest.xml:28:13-72
114            android:exported="false"
114-->[com.google.firebase:firebase-common:19.3.0] AndroidManifest.xml:29:13-37
115            android:initOrder="100" />
115-->[com.google.firebase:firebase-common:19.3.0] AndroidManifest.xml:30:13-36
116
117        <receiver
117-->[com.google.android.gms:play-services-measurement:17.2.2] AndroidManifest.xml:29:9-33:20
118            android:name="com.google.android.gms.measurement.AppMeasurementReceiver"
118-->[com.google.android.gms:play-services-measurement:17.2.2] AndroidManifest.xml:30:13-85
119            android:enabled="true"
119-->[com.google.android.gms:play-services-measurement:17.2.2] AndroidManifest.xml:31:13-35
120            android:exported="false" >
120-->[com.google.android.gms:play-services-measurement:17.2.2] AndroidManifest.xml:32:13-37
121        </receiver>
122        <receiver
122-->[com.google.android.gms:play-services-measurement:17.2.2] AndroidManifest.xml:34:9-42:20
123            android:name="com.google.android.gms.measurement.AppMeasurementInstallReferrerReceiver"
123-->[com.google.android.gms:play-services-measurement:17.2.2] AndroidManifest.xml:35:13-100
124            android:enabled="true"
124-->[com.google.android.gms:play-services-measurement:17.2.2] AndroidManifest.xml:36:13-35
125            android:exported="true"
125-->[com.google.android.gms:play-services-measurement:17.2.2] AndroidManifest.xml:37:13-36
126            android:permission="android.permission.INSTALL_PACKAGES" >
126-->[com.google.android.gms:play-services-measurement:17.2.2] AndroidManifest.xml:38:13-69
127            <intent-filter>
127-->[:react-native-device-info] AndroidManifest.xml:16:13-18:29
128                <action android:name="com.android.vending.INSTALL_REFERRER" />
128-->[:react-native-device-info] AndroidManifest.xml:17:17-79
128-->[:react-native-device-info] AndroidManifest.xml:17:25-76
129            </intent-filter>
130        </receiver>
131
132        <service
132-->[com.google.android.gms:play-services-measurement:17.2.2] AndroidManifest.xml:44:9-47:40
133            android:name="com.google.android.gms.measurement.AppMeasurementService"
133-->[com.google.android.gms:play-services-measurement:17.2.2] AndroidManifest.xml:45:13-84
134            android:enabled="true"
134-->[com.google.android.gms:play-services-measurement:17.2.2] AndroidManifest.xml:46:13-35
135            android:exported="false" />
135-->[com.google.android.gms:play-services-measurement:17.2.2] AndroidManifest.xml:47:13-37
136        <service
136-->[com.google.android.gms:play-services-measurement:17.2.2] AndroidManifest.xml:48:9-52:72
137            android:name="com.google.android.gms.measurement.AppMeasurementJobService"
137-->[com.google.android.gms:play-services-measurement:17.2.2] AndroidManifest.xml:49:13-87
138            android:enabled="true"
138-->[com.google.android.gms:play-services-measurement:17.2.2] AndroidManifest.xml:50:13-35
139            android:exported="false"
139-->[com.google.android.gms:play-services-measurement:17.2.2] AndroidManifest.xml:51:13-37
140            android:permission="android.permission.BIND_JOB_SERVICE" />
140-->[com.google.android.gms:play-services-measurement:17.2.2] AndroidManifest.xml:52:13-69
141
142        <meta-data
142-->[com.google.android.gms:play-services-basement:17.0.0] AndroidManifest.xml:23:9-25:69
143            android:name="com.google.android.gms.version"
143-->[com.google.android.gms:play-services-basement:17.0.0] AndroidManifest.xml:24:13-58
144            android:value="@integer/google_play_services_version" />
144-->[com.google.android.gms:play-services-basement:17.0.0] AndroidManifest.xml:25:13-66
145
146        <service
146-->[io.nlopez.smartlocation:library:3.2.11] AndroidManifest.xml:19:9-21:40
147            android:name="io.nlopez.smartlocation.activity.providers.ActivityGooglePlayServicesProvider$ActivityRecognitionService"
147-->[io.nlopez.smartlocation:library:3.2.11] AndroidManifest.xml:20:13-132
148            android:exported="false" />
148-->[io.nlopez.smartlocation:library:3.2.11] AndroidManifest.xml:21:13-37
149        <service
149-->[io.nlopez.smartlocation:library:3.2.11] AndroidManifest.xml:22:9-24:40
150            android:name="io.nlopez.smartlocation.geofencing.providers.GeofencingGooglePlayServicesProvider$GeofencingService"
150-->[io.nlopez.smartlocation:library:3.2.11] AndroidManifest.xml:23:13-127
151            android:exported="false" />
151-->[io.nlopez.smartlocation:library:3.2.11] AndroidManifest.xml:24:13-37
152        <service
152-->[io.nlopez.smartlocation:library:3.2.11] AndroidManifest.xml:25:9-27:40
153            android:name="io.nlopez.smartlocation.geocoding.providers.AndroidGeocodingProvider$AndroidGeocodingService"
153-->[io.nlopez.smartlocation:library:3.2.11] AndroidManifest.xml:26:13-120
154            android:exported="false" />
154-->[io.nlopez.smartlocation:library:3.2.11] AndroidManifest.xml:27:13-37
155    </application>
156
157</manifest>